<?xml version="1.0" encoding="UTF-8"?>
<testsuite xmlns:xsi="http://www.w3.org/2001/XMLSchema-instance" xsi:noNamespaceSchemaLocation="https://maven.apache.org/surefire/maven-surefire-plugin/xsd/surefire-test-report.xsd" name="TestProfile" time="19.539" tests="4" errors="0" skipped="0" failures="0">
  <properties>
[...]
</properties>
  <testcase name="testClickLogoFromPersonalAccount" classname="TestProfile" time="4.349"/>
  <testcase name="testClickButtonConstructorFromProfilePage" classname="TestProfile" time="4.816"/>
  <testcase name="testLogoutFromAccount" classname="TestProfile" time="5.411"/>
  <testcase name="testGoToProfilePage" classname="TestProfile" time="4.959"/>
</testsuite>